<?xml version="1.0" encoding="UTF-8"?>
<!-- Generated by org.testng.reporters.JUnitReportReporter -->
<testsuite hostname="chavi" failures="0" tests="3" name="testcases.LoginTest" time="12.818" errors="0" timestamp="2024-11-30T16:00:25 IST" skipped="0">
  <testcase classname="testcases.LoginTest" name="TC03_LockedUserTest" time="5.771"/>
  <testcase classname="testcases.LoginTest" name="TC01_LoginSuccessTest" time="3.464"/>
  <testcase classname="testcases.LoginTest" name="TC02_LoginFailureTest" time="3.583"/>
</testsuite> <!-- testcases.LoginTest -->
